# JRE version: OpenJDK Runtime Environment (13.0.4+8) (build 13.0.4+8-Ubuntu-118.04)
# Java VM: OpenJDK 64-Bit Server VM (13.0.4+8-Ubuntu-118.04, mixed mode, tiered, compressed oops, g1 gc, linux-amd64)
Heap:
 garbage-first heap   total 190464K, used 3313K [0x00000000c2400000, 0x0000000100000000)
  region size 1024K, 1 young (1024K), 1 survivors (1024K)
 Metaspace       used 12257K, capacity 12416K, committed 12672K, reserved 1060864K
  class space    used 1224K, capacity 1309K, committed 1408K, reserved 1048576K
GC Heap History (9 events):
Event: 0.562 GC heap before
{Heap before GC invocations=0 (full 0):
 garbage-first heap   total 63488K, used 7168K [0x00000000c2400000, 0x0000000100000000)
  region size 1024K, 7 young (7168K), 0 survivors (0K)
 Metaspace       used 8821K, capacity 8976K, committed 9088K, reserved 1056768K
  class space    used 771K, capacity 842K, committed 896K, reserved 1048576K
}
Event: 0.891 GC heap after
{Heap after GC invocations=1 (full 0):
 garbage-first heap   total 63488K, used 2651K [0x00000000c2400000, 0x0000000100000000)
  region size 1024K, 1 young (1024K), 1 survivors (1024K)
 Metaspace       used 8821K, capacity 8976K, committed 9088K, reserved 1056768K
  class space    used 771K, capacity 842K, committed 896K, reserved 1048576K
}
Event: 1.704 GC heap before
{Heap before GC invocations=1 (full 0):
 garbage-first heap   total 63488K, used 4699K [0x00000000c2400000, 0x0000000100000000)
  region size 1024K, 3 young (3072K), 1 survivors (1024K)
 Metaspace       used 9976K, capacity 10196K, committed 10496K, reserved 1058816K
  class space    used 920K, capacity 1017K, committed 1024K, reserved 1048576K
}
Event: 1.936 GC heap after
{Heap after GC invocations=2 (full 0):
 garbage-first heap   total 63488K, used 3030K [0x00000000c2400000, 0x0000000100000000)
  region size 1024K, 1 young (1024K), 1 survivors (1024K)
 Metaspace       used 9976K, capacity 10196K, committed 10496K, reserved 1058816K
  class space    used 920K, capacity 1017K, committed 1024K, reserved 1048576K
}
Event: 2.132 GC heap before
{Heap before GC invocations=2 (full 0):
 garbage-first heap   total 63488K, used 5078K [0x00000000c2400000, 0x0000000100000000)
  region size 1024K, 4 young (4096K), 1 survivors (1024K)
 Metaspace       used 10806K, capacity 10996K, committed 11136K, reserved 1058816K
  class space    used 1031K, capacity 1113K, committed 1152K, reserved 1048576K
}
Event: 2.729 GC heap after
{Heap after GC invocations=3 (full 0):
 garbage-first heap   total 63488K, used 3118K [0x00000000c2400000, 0x0000000100000000)
  region size 1024K, 1 young (1024K), 1 survivors (1024K)
 Metaspace       used 10806K, capacity 10996K, committed 11136K, reserved 1058816K
  class space    used 1031K, capacity 1113K, committed 1152K, reserved 1048576K
}
Event: 3.370 GC heap before
{Heap before GC invocations=3 (full 0):
 garbage-first heap   total 63488K, used 5166K [0x00000000c2400000, 0x0000000100000000)
  region size 1024K, 3 young (3072K), 1 survivors (1024K)
 Metaspace       used 11304K, capacity 11444K, committed 11776K, reserved 1060864K
  class space    used 1111K, capacity 1177K, committed 1280K, reserved 1048576K
}
Event: 3.394 GC heap after
{Heap after GC invocations=4 (full 0):
 garbage-first heap   total 63488K, used 3122K [0x00000000c2400000, 0x0000000100000000)
  region size 1024K, 1 young (1024K), 1 survivors (1024K)
 Metaspace       used 11304K, capacity 11444K, committed 11776K, reserved 1060864K
  class space    used 1111K, capacity 1177K, committed 1280K, reserved 1048576K
}
Event: 4.043 GC heap before
{Heap before GC invocations=4 (full 0):
 garbage-first heap   total 63488K, used 5170K [0x00000000c2400000, 0x0000000100000000)
  region size 1024K, 3 young (3072K), 1 survivors (1024K)
 Metaspace       used 12257K, capacity 12416K, committed 12672K, reserved 1060864K
  class space    used 1224K, capacity 1309K, committed 1408K, reserved 1048576K
}

