# JRE version: OpenJDK Runtime Environment (13.0.4+8) (build 13.0.4+8-Ubuntu-118.04)
# Java VM: OpenJDK 64-Bit Server VM (13.0.4+8-Ubuntu-118.04, mixed mode, tiered, compressed oops, g1 gc, linux-amd64)
Heap:
 garbage-first heap   total 190464K, used 5494K [0x00000000c2400000, 0x0000000100000000)
  region size 1024K, 1 young (1024K), 1 survivors (1024K)
 Metaspace       used 17900K, capacity 18141K, committed 18560K, reserved 1064960K
  class space    used 1942K, capacity 2061K, committed 2176K, reserved 1048576K
GC Heap History (9 events):
Event: 0.843 GC heap before
{Heap before GC invocations=0 (full 0):
 garbage-first heap   total 63488K, used 7168K [0x00000000c2400000, 0x0000000100000000)
  region size 1024K, 7 young (7168K), 0 survivors (0K)
 Metaspace       used 8959K, capacity 9083K, committed 9344K, reserved 1058816K
  class space    used 794K, capacity 879K, committed 896K, reserved 1048576K
}
Event: 1.028 GC heap after
{Heap after GC invocations=1 (full 0):
 garbage-first heap   total 63488K, used 2601K [0x00000000c2400000, 0x0000000100000000)
  region size 1024K, 1 young (1024K), 1 survivors (1024K)
 Metaspace       used 8959K, capacity 9083K, committed 9344K, reserved 1058816K
  class space    used 794K, capacity 879K, committed 896K, reserved 1048576K
}
Event: 1.466 GC heap before
{Heap before GC invocations=1 (full 0):
 garbage-first heap   total 63488K, used 5673K [0x00000000c2400000, 0x0000000100000000)
  region size 1024K, 4 young (4096K), 1 survivors (1024K)
 Metaspace       used 10229K, capacity 10356K, committed 10624K, reserved 1058816K
  class space    used 960K, capacity 1049K, committed 1152K, reserved 1048576K
}
Event: 1.471 GC heap after
{Heap after GC invocations=2 (full 0):
 garbage-first heap   total 63488K, used 3010K [0x00000000c2400000, 0x0000000100000000)
  region size 1024K, 1 young (1024K), 1 survivors (1024K)
 Metaspace       used 10229K, capacity 10356K, committed 10624K, reserved 1058816K
  class space    used 960K, capacity 1049K, committed 1152K, reserved 1048576K
}
Event: 2.142 GC heap before
{Heap before GC invocations=2 (full 0):
 garbage-first heap   total 63488K, used 11202K [0x00000000c2400000, 0x0000000100000000)
  region size 1024K, 10 young (10240K), 1 survivors (1024K)
 Metaspace       used 12402K, capacity 12608K, committed 12928K, reserved 1060864K
  class space    used 1238K, capacity 1309K, committed 1408K, reserved 1048576K
}
Event: 2.197 GC heap after
{Heap after GC invocations=3 (full 0):
 garbage-first heap   total 63488K, used 3407K [0x00000000c2400000, 0x0000000100000000)
  region size 1024K, 1 young (1024K), 1 survivors (1024K)
 Metaspace       used 12402K, capacity 12608K, committed 12928K, reserved 1060864K
  class space    used 1238K, capacity 1309K, committed 1408K, reserved 1048576K
}
Event: 76.562 GC heap before
{Heap before GC invocations=3 (full 0):
 garbage-first heap   total 63488K, used 40271K [0x00000000c2400000, 0x0000000100000000)
  region size 1024K, 37 young (37888K), 1 survivors (1024K)
 Metaspace       used 17851K, capacity 18077K, committed 18560K, reserved 1064960K
  class space    used 1937K, capacity 2061K, committed 2176K, reserved 1048576K
}
Event: 204.982 GC heap after
{Heap after GC invocations=4 (full 0):
 garbage-first heap   total 63488K, used 5208K [0x00000000c2400000, 0x0000000100000000)
  region size 1024K, 3 young (3072K), 3 survivors (3072K)
 Metaspace       used 17851K, capacity 18077K, committed 18560K, reserved 1064960K
  class space    used 1937K, capacity 2061K, committed 2176K, reserved 1048576K
}
Event: 298.872 GC heap before
{Heap before GC invocations=4 (full 0):
 garbage-first heap   total 63488K, used 6232K [0x00000000c2400000, 0x0000000100000000)
  region size 1024K, 4 young (4096K), 3 survivors (3072K)
 Metaspace       used 17900K, capacity 18141K, committed 18560K, reserved 1064960K
  class space    used 1942K, capacity 2061K, committed 2176K, reserved 1048576K
}

